<?xml version="1.0" encoding="UTF-8" ?>
<testsuite tests="1" failures="1" name="TestSuite" time="27.965" errors="0" skipped="0">
  <properties>
    <property name="java.runtime.name" value="Java(TM) SE Runtime Environment"/>
    <property name="sun.boot.library.path" value="/Library/Java/JavaVirtualMachines/jdk1.8.0_111.jdk/Contents/Home/jre/lib"/>
    <property name="java.vm.version" value="25.111-b14"/>
    <property name="user.country.format" value="IN"/>
    <property name="gopherProxySet" value="false"/>
    <property name="java.vm.vendor" value="Oracle Corporation"/>
    <property name="java.vendor.url" value="http://java.oracle.com/"/>
    <property name="path.separator" value=":"/>
    <property name="java.vm.name" value="Java HotSpot(TM) 64-Bit Server VM"/>
    <property name="file.encoding.pkg" value="sun.io"/>
    <property name="user.country" value="US"/>
    <property name="sun.java.launcher" value="SUN_STANDARD"/>
    <property name="sun.os.patch.level" value="unknown"/>
    <property name="java.vm.specification.name" value="Java Virtual Machine Specification"/>
    <property name="user.dir" value="/Users/Shared/Jenkins/Home/workspace/Ewallet_Pipeline_View_Functional_Test/target"/>
    <property name="java.runtime.version" value="1.8.0_111-b14"/>
    <property name="java.awt.graphicsenv" value="sun.awt.CGraphicsEnvironment"/>
    <property name="basedir" value="/Users/Shared/Jenkins/Home/workspace/Ewallet_Pipeline_View_Functional_Test"/>
    <property name="java.endorsed.dirs" value="/Library/Java/JavaVirtualMachines/jdk1.8.0_111.jdk/Contents/Home/jre/lib/endorsed"/>
    <property name="os.arch" value="x86_64"/>
    <property name="surefire.real.class.path" value="/var/folders/r3/bgj44mwd4fz0dd8sn5jz2mgw00007q/T/surefirebooter8190501209025237956.jar"/>
    <property name="java.io.tmpdir" value="/var/folders/r3/bgj44mwd4fz0dd8sn5jz2mgw00007q/T/"/>
    <property name="line.separator" value="
"/>
    <property name="java.vm.specification.vendor" value="Oracle Corporation"/>
    <property name="os.name" value="Mac OS X"/>
    <property name="sun.jnu.encoding" value="UTF-8"/>
    <property name="java.library.path" value="/Users/Shared/Jenkins/Library/Java/Extensions:/Library/Java/Extensions:/Network/Library/Java/Extensions:/System/Library/Java/Extensions:/usr/lib/java:."/>
    <property name="surefire.test.class.path" value="/Users/Shared/Jenkins/Home/workspace/Ewallet_Pipeline_View_Functional_Test/target/test-classes:/Users/Shared/Jenkins/Home/workspace/Ewallet_Pipeline_View_Functional_Test/target/classes:/Users/Shared/Jenkins/.m2/repository/org/testng/testng/6.9.6/testng-6.9.6.jar:/Users/Shared/Jenkins/.m2/repository/com/google/inject/guice/4.0/guice-4.0-no_aop.jar:/Users/Shared/Jenkins/.m2/repository/com/google/guava/guava/16.0.1/guava-16.0.1.jar:/Users/Shared/Jenkins/.m2/repository/org/beanshell/bsh/2.0b4/bsh-2.0b4.jar:/Users/Shared/Jenkins/.m2/repository/org/apache/ant/ant/1.7.0/ant-1.7.0.jar:/Users/Shared/Jenkins/.m2/repository/org/apache/ant/ant-launcher/1.7.0/ant-launcher-1.7.0.jar:/Users/Shared/Jenkins/.m2/repository/com/beust/jcommander/1.48/jcommander-1.48.jar:/Users/Shared/Jenkins/.m2/repository/org/yaml/snakeyaml/1.15/snakeyaml-1.15.jar:/Users/Shared/Jenkins/.m2/repository/junit/junit/4.10/junit-4.10.jar:/Users/Shared/Jenkins/.m2/repository/org/hamcrest/hamcrest-core/1.1/hamcrest-core-1.1.jar:/Users/Shared/Jenkins/.m2/repository/org/uncommons/reportng/1.1.2/reportng-1.1.2.jar:/Users/Shared/Jenkins/.m2/repository/velocity/velocity/1.4/velocity-1.4.jar:/Users/Shared/Jenkins/.m2/repository/velocity/velocity-dep/1.4/velocity-dep-1.4.jar:/Users/Shared/Jenkins/.m2/repository/com/google/inject/guice/3.0/guice-3.0.jar:/Users/Shared/Jenkins/.m2/repository/javax/inject/javax.inject/1/javax.inject-1.jar:/Users/Shared/Jenkins/.m2/repository/aopalliance/aopalliance/1.0/aopalliance-1.0.jar:/Users/Shared/Jenkins/.m2/repository/org/seleniumhq/selenium/selenium-java/2.53.1/selenium-java-2.53.1.jar:/Users/Shared/Jenkins/.m2/repository/org/seleniumhq/selenium/selenium-chrome-driver/2.53.1/selenium-chrome-driver-2.53.1.jar:/Users/Shared/Jenkins/.m2/repository/org/seleniumhq/selenium/selenium-remote-driver/2.53.1/selenium-remote-driver-2.53.1.jar:/Users/Shared/Jenkins/.m2/repository/cglib/cglib-nodep/2.1_3/cglib-nodep-2.1_3.jar:/Users/Shared/Jenkins/.m2/repository/com/google/code/gson/gson/2.3.1/gson-2.3.1.jar:/Users/Shared/Jenkins/.m2/repository/org/seleniumhq/selenium/selenium-api/2.53.1/selenium-api-2.53.1.jar:/Users/Shared/Jenkins/.m2/repository/org/apache/httpcomponents/httpclient/4.5.1/httpclient-4.5.1.jar:/Users/Shared/Jenkins/.m2/repository/org/apache/httpcomponents/httpcore/4.4.3/httpcore-4.4.3.jar:/Users/Shared/Jenkins/.m2/repository/org/seleniumhq/selenium/selenium-edge-driver/2.53.1/selenium-edge-driver-2.53.1.jar:/Users/Shared/Jenkins/.m2/repository/commons-io/commons-io/2.4/commons-io-2.4.jar:/Users/Shared/Jenkins/.m2/repository/org/apache/commons/commons-exec/1.3/commons-exec-1.3.jar:/Users/Shared/Jenkins/.m2/repository/org/seleniumhq/selenium/htmlunit-driver/2.21/htmlunit-driver-2.21.jar:/Users/Shared/Jenkins/.m2/repository/net/sourceforge/htmlunit/htmlunit/2.21/htmlunit-2.21.jar:/Users/Shared/Jenkins/.m2/repository/xalan/xalan/2.7.2/xalan-2.7.2.jar:/Users/Shared/Jenkins/.m2/repository/xalan/serializer/2.7.2/serializer-2.7.2.jar:/Users/Shared/Jenkins/.m2/repository/org/apache/commons/commons-lang3/3.4/commons-lang3-3.4.jar:/Users/Shared/Jenkins/.m2/repository/org/apache/httpcomponents/httpmime/4.5.2/httpmime-4.5.2.jar:/Users/Shared/Jenkins/.m2/repository/commons-codec/commons-codec/1.10/commons-codec-1.10.jar:/Users/Shared/Jenkins/.m2/repository/net/sourceforge/htmlunit/htmlunit-core-js/2.17/htmlunit-core-js-2.17.jar:/Users/Shared/Jenkins/.m2/repository/net/sourceforge/htmlunit/neko-htmlunit/2.21/neko-htmlunit-2.21.jar:/Users/Shared/Jenkins/.m2/repository/xerces/xercesImpl/2.11.0/xercesImpl-2.11.0.jar:/Users/Shared/Jenkins/.m2/repository/xml-apis/xml-apis/1.4.01/xml-apis-1.4.01.jar:/Users/Shared/Jenkins/.m2/repository/net/sourceforge/cssparser/cssparser/0.9.18/cssparser-0.9.18.jar:/Users/Shared/Jenkins/.m2/repository/org/w3c/css/sac/1.3/sac-1.3.jar:/Users/Shared/Jenkins/.m2/repository/commons-logging/commons-logging/1.2/commons-logging-1.2.jar:/Users/Shared/Jenkins/.m2/repository/org/eclipse/jetty/websocket/websocket-client/9.2.15.v20160210/websocket-client-9.2.15.v20160210.jar:/Users/Shared/Jenkins/.m2/repository/org/eclipse/jetty/jetty-util/9.2.15.v20160210/jetty-util-9.2.15.v20160210.jar:/Users/Shared/Jenkins/.m2/repository/org/eclipse/jetty/jetty-io/9.2.15.v20160210/jetty-io-9.2.15.v20160210.jar:/Users/Shared/Jenkins/.m2/repository/org/eclipse/jetty/websocket/websocket-common/9.2.15.v20160210/websocket-common-9.2.15.v20160210.jar:/Users/Shared/Jenkins/.m2/repository/org/eclipse/jetty/websocket/websocket-api/9.2.15.v20160210/websocket-api-9.2.15.v20160210.jar:/Users/Shared/Jenkins/.m2/repository/commons-collections/commons-collections/3.2.2/commons-collections-3.2.2.jar:/Users/Shared/Jenkins/.m2/repository/org/seleniumhq/selenium/selenium-firefox-driver/2.53.1/selenium-firefox-driver-2.53.1.jar:/Users/Shared/Jenkins/.m2/repository/org/seleniumhq/selenium/selenium-ie-driver/2.53.1/selenium-ie-driver-2.53.1.jar:/Users/Shared/Jenkins/.m2/repository/net/java/dev/jna/jna/4.1.0/jna-4.1.0.jar:/Users/Shared/Jenkins/.m2/repository/net/java/dev/jna/jna-platform/4.1.0/jna-platform-4.1.0.jar:/Users/Shared/Jenkins/.m2/repository/org/seleniumhq/selenium/selenium-safari-driver/2.53.1/selenium-safari-driver-2.53.1.jar:/Users/Shared/Jenkins/.m2/repository/io/netty/netty/3.5.7.Final/netty-3.5.7.Final.jar:/Users/Shared/Jenkins/.m2/repository/org/seleniumhq/selenium/selenium-support/2.53.1/selenium-support-2.53.1.jar:/Users/Shared/Jenkins/.m2/repository/org/seleniumhq/selenium/selenium-leg-rc/2.53.1/selenium-leg-rc-2.53.1.jar:"/>
    <property name="java.specification.name" value="Java Platform API Specification"/>
    <property name="java.class.version" value="52.0"/>
    <property name="sun.management.compiler" value="HotSpot 64-Bit Tiered Compilers"/>
    <property name="os.version" value="10.10.5"/>
    <property name="user.home" value="/Users/Shared/Jenkins"/>
    <property name="user.timezone" value="Asia/Kolkata"/>
    <property name="java.awt.printerjob" value="sun.lwawt.macosx.CPrinterJob"/>
    <property name="java.specification.version" value="1.8"/>
    <property name="file.encoding" value="UTF-8"/>
    <property name="user.name" value="jenkins"/>
    <property name="java.class.path" value="/Users/Shared/Jenkins/Home/workspace/Ewallet_Pipeline_View_Functional_Test/target/test-classes:/Users/Shared/Jenkins/Home/workspace/Ewallet_Pipeline_View_Functional_Test/target/classes:/Users/Shared/Jenkins/.m2/repository/org/testng/testng/6.9.6/testng-6.9.6.jar:/Users/Shared/Jenkins/.m2/repository/com/google/inject/guice/4.0/guice-4.0-no_aop.jar:/Users/Shared/Jenkins/.m2/repository/com/google/guava/guava/16.0.1/guava-16.0.1.jar:/Users/Shared/Jenkins/.m2/repository/org/beanshell/bsh/2.0b4/bsh-2.0b4.jar:/Users/Shared/Jenkins/.m2/repository/org/apache/ant/ant/1.7.0/ant-1.7.0.jar:/Users/Shared/Jenkins/.m2/repository/org/apache/ant/ant-launcher/1.7.0/ant-launcher-1.7.0.jar:/Users/Shared/Jenkins/.m2/repository/com/beust/jcommander/1.48/jcommander-1.48.jar:/Users/Shared/Jenkins/.m2/repository/org/yaml/snakeyaml/1.15/snakeyaml-1.15.jar:/Users/Shared/Jenkins/.m2/repository/junit/junit/4.10/junit-4.10.jar:/Users/Shared/Jenkins/.m2/repository/org/hamcrest/hamcrest-core/1.1/hamcrest-core-1.1.jar:/Users/Shared/Jenkins/.m2/repository/org/uncommons/reportng/1.1.2/reportng-1.1.2.jar:/Users/Shared/Jenkins/.m2/repository/velocity/velocity/1.4/velocity-1.4.jar:/Users/Shared/Jenkins/.m2/repository/velocity/velocity-dep/1.4/velocity-dep-1.4.jar:/Users/Shared/Jenkins/.m2/repository/com/google/inject/guice/3.0/guice-3.0.jar:/Users/Shared/Jenkins/.m2/repository/javax/inject/javax.inject/1/javax.inject-1.jar:/Users/Shared/Jenkins/.m2/repository/aopalliance/aopalliance/1.0/aopalliance-1.0.jar:/Users/Shared/Jenkins/.m2/repository/org/seleniumhq/selenium/selenium-java/2.53.1/selenium-java-2.53.1.jar:/Users/Shared/Jenkins/.m2/repository/org/seleniumhq/selenium/selenium-chrome-driver/2.53.1/selenium-chrome-driver-2.53.1.jar:/Users/Shared/Jenkins/.m2/repository/org/seleniumhq/selenium/selenium-remote-driver/2.53.1/selenium-remote-driver-2.53.1.jar:/Users/Shared/Jenkins/.m2/repository/cglib/cglib-nodep/2.1_3/cglib-nodep-2.1_3.jar:/Users/Shared/Jenkins/.m2/repository/com/google/code/gson/gson/2.3.1/gson-2.3.1.jar:/Users/Shared/Jenkins/.m2/repository/org/seleniumhq/selenium/selenium-api/2.53.1/selenium-api-2.53.1.jar:/Users/Shared/Jenkins/.m2/repository/org/apache/httpcomponents/httpclient/4.5.1/httpclient-4.5.1.jar:/Users/Shared/Jenkins/.m2/repository/org/apache/httpcomponents/httpcore/4.4.3/httpcore-4.4.3.jar:/Users/Shared/Jenkins/.m2/repository/org/seleniumhq/selenium/selenium-edge-driver/2.53.1/selenium-edge-driver-2.53.1.jar:/Users/Shared/Jenkins/.m2/repository/commons-io/commons-io/2.4/commons-io-2.4.jar:/Users/Shared/Jenkins/.m2/repository/org/apache/commons/commons-exec/1.3/commons-exec-1.3.jar:/Users/Shared/Jenkins/.m2/repository/org/seleniumhq/selenium/htmlunit-driver/2.21/htmlunit-driver-2.21.jar:/Users/Shared/Jenkins/.m2/repository/net/sourceforge/htmlunit/htmlunit/2.21/htmlunit-2.21.jar:/Users/Shared/Jenkins/.m2/repository/xalan/xalan/2.7.2/xalan-2.7.2.jar:/Users/Shared/Jenkins/.m2/repository/xalan/serializer/2.7.2/serializer-2.7.2.jar:/Users/Shared/Jenkins/.m2/repository/org/apache/commons/commons-lang3/3.4/commons-lang3-3.4.jar:/Users/Shared/Jenkins/.m2/repository/org/apache/httpcomponents/httpmime/4.5.2/httpmime-4.5.2.jar:/Users/Shared/Jenkins/.m2/repository/commons-codec/commons-codec/1.10/commons-codec-1.10.jar:/Users/Shared/Jenkins/.m2/repository/net/sourceforge/htmlunit/htmlunit-core-js/2.17/htmlunit-core-js-2.17.jar:/Users/Shared/Jenkins/.m2/repository/net/sourceforge/htmlunit/neko-htmlunit/2.21/neko-htmlunit-2.21.jar:/Users/Shared/Jenkins/.m2/repository/xerces/xercesImpl/2.11.0/xercesImpl-2.11.0.jar:/Users/Shared/Jenkins/.m2/repository/xml-apis/xml-apis/1.4.01/xml-apis-1.4.01.jar:/Users/Shared/Jenkins/.m2/repository/net/sourceforge/cssparser/cssparser/0.9.18/cssparser-0.9.18.jar:/Users/Shared/Jenkins/.m2/repository/org/w3c/css/sac/1.3/sac-1.3.jar:/Users/Shared/Jenkins/.m2/repository/commons-logging/commons-logging/1.2/commons-logging-1.2.jar:/Users/Shared/Jenkins/.m2/repository/org/eclipse/jetty/websocket/websocket-client/9.2.15.v20160210/websocket-client-9.2.15.v20160210.jar:/Users/Shared/Jenkins/.m2/repository/org/eclipse/jetty/jetty-util/9.2.15.v20160210/jetty-util-9.2.15.v20160210.jar:/Users/Shared/Jenkins/.m2/repository/org/eclipse/jetty/jetty-io/9.2.15.v20160210/jetty-io-9.2.15.v20160210.jar:/Users/Shared/Jenkins/.m2/repository/org/eclipse/jetty/websocket/websocket-common/9.2.15.v20160210/websocket-common-9.2.15.v20160210.jar:/Users/Shared/Jenkins/.m2/repository/org/eclipse/jetty/websocket/websocket-api/9.2.15.v20160210/websocket-api-9.2.15.v20160210.jar:/Users/Shared/Jenkins/.m2/repository/commons-collections/commons-collections/3.2.2/commons-collections-3.2.2.jar:/Users/Shared/Jenkins/.m2/repository/org/seleniumhq/selenium/selenium-firefox-driver/2.53.1/selenium-firefox-driver-2.53.1.jar:/Users/Shared/Jenkins/.m2/repository/org/seleniumhq/selenium/selenium-ie-driver/2.53.1/selenium-ie-driver-2.53.1.jar:/Users/Shared/Jenkins/.m2/repository/net/java/dev/jna/jna/4.1.0/jna-4.1.0.jar:/Users/Shared/Jenkins/.m2/repository/net/java/dev/jna/jna-platform/4.1.0/jna-platform-4.1.0.jar:/Users/Shared/Jenkins/.m2/repository/org/seleniumhq/selenium/selenium-safari-driver/2.53.1/selenium-safari-driver-2.53.1.jar:/Users/Shared/Jenkins/.m2/repository/io/netty/netty/3.5.7.Final/netty-3.5.7.Final.jar:/Users/Shared/Jenkins/.m2/repository/org/seleniumhq/selenium/selenium-support/2.53.1/selenium-support-2.53.1.jar:/Users/Shared/Jenkins/.m2/repository/org/seleniumhq/selenium/selenium-leg-rc/2.53.1/selenium-leg-rc-2.53.1.jar:"/>
    <property name="java.vm.specification.version" value="1.8"/>
    <property name="sun.arch.data.model" value="64"/>
    <property name="java.home" value="/Library/Java/JavaVirtualMachines/jdk1.8.0_111.jdk/Contents/Home/jre"/>
    <property name="sun.java.command" value="/var/folders/r3/bgj44mwd4fz0dd8sn5jz2mgw00007q/T/surefirebooter8190501209025237956.jar /var/folders/r3/bgj44mwd4fz0dd8sn5jz2mgw00007q/T/surefire7069546651632272930tmp /var/folders/r3/bgj44mwd4fz0dd8sn5jz2mgw00007q/T/surefire1263512556648610565tmp"/>
    <property name="java.specification.vendor" value="Oracle Corporation"/>
    <property name="user.language" value="en"/>
    <property name="awt.toolkit" value="sun.lwawt.macosx.LWCToolkit"/>
    <property name="java.vm.info" value="mixed mode"/>
    <property name="java.version" value="1.8.0_111"/>
    <property name="java.ext.dirs" value="/Users/Shared/Jenkins/Library/Java/Extensions:/Library/Java/JavaVirtualMachines/jdk1.8.0_111.jdk/Contents/Home/jre/lib/ext:/Library/Java/Extensions:/Network/Library/Java/Extensions:/System/Library/Java/Extensions:/usr/lib/java"/>
    <property name="sun.boot.class.path" value="/Library/Java/JavaVirtualMachines/jdk1.8.0_111.jdk/Contents/Home/jre/lib/resources.jar:/Library/Java/JavaVirtualMachines/jdk1.8.0_111.jdk/Contents/Home/jre/lib/rt.jar:/Library/Java/JavaVirtualMachines/jdk1.8.0_111.jdk/Contents/Home/jre/lib/sunrsasign.jar:/Library/Java/JavaVirtualMachines/jdk1.8.0_111.jdk/Contents/Home/jre/lib/jsse.jar:/Library/Java/JavaVirtualMachines/jdk1.8.0_111.jdk/Contents/Home/jre/lib/jce.jar:/Library/Java/JavaVirtualMachines/jdk1.8.0_111.jdk/Contents/Home/jre/lib/charsets.jar:/Library/Java/JavaVirtualMachines/jdk1.8.0_111.jdk/Contents/Home/jre/lib/jfr.jar:/Library/Java/JavaVirtualMachines/jdk1.8.0_111.jdk/Contents/Home/jre/classes"/>
    <property name="java.vendor" value="Oracle Corporation"/>
    <property name="localRepository" value="/Users/Shared/Jenkins/.m2/repository"/>
    <property name="file.separator" value="/"/>
    <property name="java.vendor.url.bug" value="http://bugreport.sun.com/bugreport/"/>
    <property name="sun.cpu.endian" value="little"/>
    <property name="sun.io.unicode.encoding" value="UnicodeBig"/>
    <property name="sun.cpu.isalist" value=""/>
  </properties>
  <testcase classname="test.java.scripts.TestLoginAddBeneficiaryTransferMoney" name="execute" time="22.024">
    <failure message="Unable to locate element: {&quot;method&quot;:&quot;xpath&quot;,&quot;selector&quot;:&quot;//*[@id=&apos;first&apos;]/a[1]/h3&quot;}
Command duration or timeout: 48 milliseconds
For documentation on this error, please visit: http://seleniumhq.org/exceptions/no_such_element.html
Build info: version: &apos;2.53.1&apos;, revision: &apos;a36b8b1cd5757287168e54b817830adce9b0158d&apos;, time: &apos;2016-06-30 19:26:09&apos;
System info: host: &apos;Devidass-iMac.local&apos;, ip: &apos;192.168.2.1&apos;, os.name: &apos;Mac OS X&apos;, os.arch: &apos;x86_64&apos;, os.version: &apos;10.10.5&apos;, java.version: &apos;1.8.0_111&apos;
Driver info: org.openqa.selenium.firefox.FirefoxDriver
Capabilities [{applicationCacheEnabled=true, rotatable=false, handlesAlerts=true, databaseEnabled=true, version=45.0.1, platform=MAC, nativeEvents=false, acceptSslCerts=true, webStorageEnabled=true, locationContextEnabled=true, browserName=firefox, takesScreenshot=true, javascriptEnabled=true, cssSelectorsEnabled=true}]
Session ID: 5ddbdefe-8f43-4e47-b578-f0c7ee480540
*** Element info: {Using=xpath, value=//*[@id=&apos;first&apos;]/a[1]/h3}" type="org.openqa.selenium.NoSuchElementException">org.openqa.selenium.NoSuchElementException: Unable to locate element: {&quot;method&quot;:&quot;xpath&quot;,&quot;selector&quot;:&quot;//*[@id=&apos;first&apos;]/a[1]/h3&quot;}
Command duration or timeout: 48 milliseconds
For documentation on this error, please visit: http://seleniumhq.org/exceptions/no_such_element.html
Build info: version: &apos;2.53.1&apos;, revision: &apos;a36b8b1cd5757287168e54b817830adce9b0158d&apos;, time: &apos;2016-06-30 19:26:09&apos;
System info: host: &apos;Devidass-iMac.local&apos;, ip: &apos;192.168.2.1&apos;, os.name: &apos;Mac OS X&apos;, os.arch: &apos;x86_64&apos;, os.version: &apos;10.10.5&apos;, java.version: &apos;1.8.0_111&apos;
Driver info: org.openqa.selenium.firefox.FirefoxDriver
Capabilities [{applicationCacheEnabled=true, rotatable=false, handlesAlerts=true, databaseEnabled=true, version=45.0.1, platform=MAC, nativeEvents=false, acceptSslCerts=true, webStorageEnabled=true, locationContextEnabled=true, browserName=firefox, takesScreenshot=true, javascriptEnabled=true, cssSelectorsEnabled=true}]
Session ID: 5ddbdefe-8f43-4e47-b578-f0c7ee480540
*** Element info: {Using=xpath, value=//*[@id=&apos;first&apos;]/a[1]/h3}
	at sun.reflect.NativeConstructorAccessorImpl.newInstance0(Native Method)
	at sun.reflect.NativeConstructorAccessorImpl.newInstance(NativeConstructorAccessorImpl.java:62)
	at sun.reflect.DelegatingConstructorAccessorImpl.newInstance(DelegatingConstructorAccessorImpl.java:45)
	at java.lang.reflect.Constructor.newInstance(Constructor.java:423)
	at org.openqa.selenium.remote.ErrorHandler.createThrowable(ErrorHandler.java:206)
	at org.openqa.selenium.remote.ErrorHandler.throwIfResponseFailed(ErrorHandler.java:158)
	at org.openqa.selenium.remote.RemoteWebDriver.execute(RemoteWebDriver.java:678)
	at org.openqa.selenium.remote.RemoteWebDriver.findElement(RemoteWebDriver.java:363)
	at org.openqa.selenium.remote.RemoteWebDriver.findElementByXPath(RemoteWebDriver.java:500)
	at org.openqa.selenium.By$ByXPath.findElement(By.java:361)
	at org.openqa.selenium.remote.RemoteWebDriver.findElement(RemoteWebDriver.java:355)
	at test.java.scripts.TestLoginAddBeneficiaryTransferMoney.execute(TestLoginAddBeneficiaryTransferMoney.java:73)
Caused by: org.openqa.selenium.NoSuchElementException: Unable to locate element: {&quot;method&quot;:&quot;xpath&quot;,&quot;selector&quot;:&quot;//*[@id=&apos;first&apos;]/a[1]/h3&quot;}
For documentation on this error, please visit: http://seleniumhq.org/exceptions/no_such_element.html
Build info: version: &apos;2.53.1&apos;, revision: &apos;a36b8b1cd5757287168e54b817830adce9b0158d&apos;, time: &apos;2016-06-30 19:26:09&apos;
System info: host: &apos;Devidass-iMac.local&apos;, ip: &apos;192.168.2.1&apos;, os.name: &apos;Mac OS X&apos;, os.arch: &apos;x86_64&apos;, os.version: &apos;10.10.5&apos;, java.version: &apos;1.8.0_111&apos;
Driver info: driver.version: unknown
	at &lt;anonymous class&gt;.FirefoxDriver.prototype.findElementInternal_(file:///var/folders/r3/bgj44mwd4fz0dd8sn5jz2mgw00007q/T/anonymous8028404138613584222webdriver-profile/extensions/fxdriver@googlecode.com/components/driver-component.js:10770)
	at &lt;anonymous class&gt;.FirefoxDriver.prototype.findElement(file:///var/folders/r3/bgj44mwd4fz0dd8sn5jz2mgw00007q/T/anonymous8028404138613584222webdriver-profile/extensions/fxdriver@googlecode.com/components/driver-component.js:10779)
	at &lt;anonymous class&gt;.DelayedCommand.prototype.executeInternal_/h(file:///var/folders/r3/bgj44mwd4fz0dd8sn5jz2mgw00007q/T/anonymous8028404138613584222webdriver-profile/extensions/fxdriver@googlecode.com/components/command-processor.js:12661)
	at &lt;anonymous class&gt;.DelayedCommand.prototype.executeInternal_(file:///var/folders/r3/bgj44mwd4fz0dd8sn5jz2mgw00007q/T/anonymous8028404138613584222webdriver-profile/extensions/fxdriver@googlecode.com/components/command-processor.js:12666)
	at &lt;anonymous class&gt;.DelayedCommand.prototype.execute/&lt;(file:///var/folders/r3/bgj44mwd4fz0dd8sn5jz2mgw00007q/T/anonymous8028404138613584222webdriver-profile/extensions/fxdriver@googlecode.com/components/command-processor.js:12608)
</failure>
  </testcase>
</testsuite>